<?xml version="1.0" encoding="UTF-8"?>
<testng-results ignored="0" total="2" passed="2" failed="0" skipped="0">
  <reporter-output>
    <line>
      <![CDATA[Hi this is testA]]>
    </line>
    <line>
      <![CDATA[Hi this is testB]]>
    </line>
  </reporter-output>
  <suite started-at="2023-05-27T06:09:24Z" name="Default suite" finished-at="2023-05-27T06:09:24Z" duration-ms="198">
    <groups>
    </groups>
    <test started-at="2023-05-27T06:09:24Z" name="Default test" finished-at="2023-05-27T06:09:24Z" duration-ms="198">
      <class name="day1.DemoA">
        <test-method signature="testA()[pri:0, instance:day1.DemoA@5ab956d7]" started-at="2023-05-27T06:09:24Z" name="testA" finished-at="2023-05-27T06:09:24Z" duration-ms="9" status="PASS">
          <reporter-output>
            <line>
              <![CDATA[Hi this is testA]]>
            </line>
          </reporter-output>
        </test-method> <!-- testA -->
        <test-method signature="testB()[pri:0, instance:day1.DemoA@5ab956d7]" started-at="2023-05-27T06:09:24Z" name="testB" finished-at="2023-05-27T06:09:24Z" duration-ms="1" status="PASS">
          <reporter-output>
            <line>
              <![CDATA[Hi this is testB]]>
            </line>
          </reporter-output>
        </test-method> <!-- testB -->
      </class> <!-- day1.DemoA -->
    </test> <!-- Default test -->
  </suite> <!-- Default suite -->
</testng-results>
